# JRE version: OpenJDK Runtime Environment (11.0.10) (build 11.0.10+0-b96-7249189)
# Java VM: OpenJDK 64-Bit Server VM (11.0.10+0-b96-7249189, mixed mode, tiered, compressed oops, g1 gc, windows-amd64)
Heap:
 garbage-first heap   total 129024K, used 75976K [0x00000000a0000000, 0x0000000100000000)
  region size 1024K, 6 young (6144K), 4 survivors (4096K)
 Metaspace       used 73709K, capacity 75507K, committed 75648K, reserved 1116160K
  class space    used 9225K, capacity 9783K, committed 9856K, reserved 1048576K
GC Heap History (20 events):
Event: 9.772 GC heap before
{Heap before GC invocations=9 (full 0):
 garbage-first heap   total 129024K, used 79630K [0x00000000a0000000, 0x0000000100000000)
  region size 1024K, 32 young (32768K), 4 survivors (4096K)
 Metaspace       used 58755K, capacity 60125K, committed 60160K, reserved 1101824K
  class space    used 7474K, capacity 7923K, committed 7936K, reserved 1048576K
}
Event: 9.776 GC heap after
{Heap after GC invocations=10 (full 0):
 garbage-first heap   total 129024K, used 52575K [0x00000000a0000000, 0x0000000100000000)
  region size 1024K, 4 young (4096K), 4 survivors (4096K)
 Metaspace       used 58755K, capacity 60125K, committed 60160K, reserved 1101824K
  class space    used 7474K, capacity 7923K, committed 7936K, reserved 1048576K
}
Event: 10.734 GC heap before
{Heap before GC invocations=11 (full 0):
 garbage-first heap   total 129024K, used 102751K [0x00000000a0000000, 0x0000000100000000)
  region size 1024K, 53 young (54272K), 4 survivors (4096K)
 Metaspace       used 63566K, capacity 65091K, committed 65408K, reserved 1105920K
  class space    used 8219K, capacity 8714K, committed 8832K, reserved 1048576K
}
Event: 10.742 GC heap after
{Heap after GC invocations=12 (full 0):
 garbage-first heap   total 129024K, used 55804K [0x00000000a0000000, 0x0000000100000000)
  region size 1024K, 7 young (7168K), 7 survivors (7168K)
 Metaspace       used 63566K, capacity 65091K, committed 65408K, reserved 1105920K
  class space    used 8219K, capacity 8714K, committed 8832K, reserved 1048576K
}
Event: 11.680 GC heap before
{Heap before GC invocations=12 (full 0):
 garbage-first heap   total 129024K, used 102908K [0x00000000a0000000, 0x0000000100000000)
  region size 1024K, 54 young (55296K), 7 survivors (7168K)
 Metaspace       used 65703K, capacity 67206K, committed 67328K, reserved 1107968K
  class space    used 8438K, capacity 8957K, committed 8960K, reserved 1048576K
}
Event: 11.694 GC heap after
{Heap after GC invocations=13 (full 0):
 garbage-first heap   total 129024K, used 62363K [0x00000000a0000000, 0x0000000100000000)
  region size 1024K, 7 young (7168K), 7 survivors (7168K)
 Metaspace       used 65703K, capacity 67206K, committed 67328K, reserved 1107968K
  class space    used 8438K, capacity 8957K, committed 8960K, reserved 1048576K
}
Event: 11.767 GC heap before
{Heap before GC invocations=13 (full 0):
 garbage-first heap   total 129024K, used 66459K [0x00000000a0000000, 0x0000000100000000)
  region size 1024K, 11 young (11264K), 7 survivors (7168K)
 Metaspace       used 65784K, capacity 67270K, committed 67328K, reserved 1107968K
  class space    used 8440K, capacity 8957K, committed 8960K, reserved 1048576K
}
Event: 11.778 GC heap after
{Heap after GC invocations=14 (full 0):
 garbage-first heap   total 129024K, used 66262K [0x00000000a0000000, 0x0000000100000000)
  region size 1024K, 3 young (3072K), 3 survivors (3072K)
 Metaspace       used 65784K, capacity 67270K, committed 67328K, reserved 1107968K
  class space    used 8440K, capacity 8957K, committed 8960K, reserved 1048576K
}
Event: 15.448 GC heap before
{Heap before GC invocations=15 (full 0):
 garbage-first heap   total 129024K, used 89814K [0x00000000a0000000, 0x0000000100000000)
  region size 1024K, 25 young (25600K), 3 survivors (3072K)
 Metaspace       used 67003K, capacity 68650K, committed 68736K, reserved 1110016K
  class space    used 8557K, capacity 9077K, committed 9088K, reserved 1048576K
}
Event: 15.454 GC heap after
{Heap after GC invocations=16 (full 0):
 garbage-first heap   total 129024K, used 65558K [0x00000000a0000000, 0x0000000100000000)
  region size 1024K, 3 young (3072K), 3 survivors (3072K)
 Metaspace       used 67003K, capacity 68650K, committed 68736K, reserved 1110016K
  class space    used 8557K, capacity 9077K, committed 9088K, reserved 1048576K
}
Event: 16.027 GC heap before
{Heap before GC invocations=16 (full 0):
 garbage-first heap   total 129024K, used 90134K [0x00000000a0000000, 0x0000000100000000)
  region size 1024K, 28 young (28672K), 3 survivors (3072K)
 Metaspace       used 68902K, capacity 70547K, committed 70784K, reserved 1110016K
  class space    used 8779K, capacity 9303K, committed 9344K, reserved 1048576K
}
Event: 16.034 GC heap after
{Heap after GC invocations=17 (full 0):
 garbage-first heap   total 129024K, used 67420K [0x00000000a0000000, 0x0000000100000000)
  region size 1024K, 3 young (3072K), 3 survivors (3072K)
 Metaspace       used 68902K, capacity 70547K, committed 70784K, reserved 1110016K
  class space    used 8779K, capacity 9303K, committed 9344K, reserved 1048576K
}
Event: 16.459 GC heap before
{Heap before GC invocations=18 (full 0):
 garbage-first heap   total 129024K, used 109404K [0x00000000a0000000, 0x0000000100000000)
  region size 1024K, 29 young (29696K), 3 survivors (3072K)
 Metaspace       used 69906K, capacity 71657K, committed 71808K, reserved 1112064K
  class space    used 8945K, capacity 9546K, committed 9600K, reserved 1048576K
}
Event: 16.463 GC heap after
{Heap after GC invocations=19 (full 0):
 garbage-first heap   total 129024K, used 67196K [0x00000000a0000000, 0x0000000100000000)
  region size 1024K, 2 young (2048K), 2 survivors (2048K)
 Metaspace       used 69906K, capacity 71657K, committed 71808K, reserved 1112064K
  class space    used 8945K, capacity 9546K, committed 9600K, reserved 1048576K
}
Event: 16.521 GC heap before
{Heap before GC invocations=19 (full 0):
 garbage-first heap   total 129024K, used 71292K [0x00000000a0000000, 0x0000000100000000)
  region size 1024K, 6 young (6144K), 2 survivors (2048K)
 Metaspace       used 70221K, capacity 71929K, committed 72064K, reserved 1112064K
  class space    used 9001K, capacity 9550K, committed 9600K, reserved 1048576K
}
Event: 16.525 GC heap after
{Heap after GC invocations=20 (full 0):
 garbage-first heap   total 129024K, used 66427K [0x00000000a0000000, 0x0000000100000000)
  region size 1024K, 1 young (1024K), 1 survivors (1024K)
 Metaspace       used 70221K, capacity 71929K, committed 72064K, reserved 1112064K
  class space    used 9001K, capacity 9550K, committed 9600K, reserved 1048576K
}
Event: 239.437 GC heap before
{Heap before GC invocations=20 (full 0):
 garbage-first heap   total 129024K, used 94075K [0x00000000a0000000, 0x0000000100000000)
  region size 1024K, 29 young (29696K), 1 survivors (1024K)
 Metaspace       used 73380K, capacity 75176K, committed 75392K, reserved 1114112K
  class space    used 9217K, capacity 9781K, committed 9856K, reserved 1048576K
}
Event: 239.448 GC heap after
{Heap after GC invocations=21 (full 0):
 garbage-first heap   total 129024K, used 69125K [0x00000000a0000000, 0x0000000100000000)
  region size 1024K, 4 young (4096K), 4 survivors (4096K)
 Metaspace       used 73380K, capacity 75176K, committed 75392K, reserved 1114112K
  class space    used 9217K, capacity 9781K, committed 9856K, reserved 1048576K
}
Event: 240.000 GC heap before
{Heap before GC invocations=22 (full 0):
 garbage-first heap   total 129024K, used 96773K [0x00000000a0000000, 0x0000000100000000)
  region size 1024K, 32 young (32768K), 4 survivors (4096K)
 Metaspace       used 73703K, capacity 75503K, committed 75648K, reserved 1116160K
  class space    used 9225K, capacity 9783K, committed 9856K, reserved 1048576K
}
Event: 240.011 GC heap after
{Heap after GC invocations=23 (full 0):
 garbage-first heap   total 129024K, used 74952K [0x00000000a0000000, 0x0000000100000000)
  region size 1024K, 4 young (4096K), 4 survivors (4096K)
 Metaspace       used 73703K, capacity 75503K, committed 75648K, reserved 1116160K
  class space    used 9225K, capacity 9783K, committed 9856K, reserved 1048576K
}

